# JRE version: OpenJDK Runtime Environment Temurin-21.0.6+7 (21.0.6+7) (build 21.0.6+7-LTS)
# Java VM: OpenJDK 64-Bit Server VM Temurin-21.0.6+7 (21.0.6+7-LTS, mixed mode, sharing, tiered, compressed oops, compressed class ptrs, parallel gc, windows-amd64)
GC Precious Log:
 CardTable entry size: 512
 CPUs: 4 total, 4 available
 Memory: 3975M
 Large Page Support: Disabled
 NUMA Support: Disabled
 Compressed Oops: Enabled (32-bit)
 Alignments: Space 512K, Generation 512K, Heap 2M
 Heap Min Capacity: 100M
 Heap Initial Capacity: 100M
 Heap Max Capacity: 1G
 Pre-touch: Disabled
 Parallel Workers: 4
Heap:
 PSYoungGen      total 4608K, used 4289K [0x00000000eab00000, 0x00000000eb080000, 0x0000000100000000)
  eden space 3584K, 100% used [0x00000000eab00000,0x00000000eae80000,0x00000000eae80000)
  from space 1024K, 68% used [0x00000000eaf80000,0x00000000eb0305f8,0x00000000eb080000)
  to   space 1024K, 59% used [0x00000000eae80000,0x00000000eaf18000,0x00000000eaf80000)
 ParOldGen       total 397312K, used 396875K [0x00000000c0000000, 0x00000000d8400000, 0x00000000eab00000)
  object space 397312K, 99% used [0x00000000c0000000,0x00000000d8392c18,0x00000000d8400000)
 Metaspace       used 67541K, committed 69120K, reserved 1114112K
  class space    used 6523K, committed 7232K, reserved 1048576K
GC Heap History (20 events):
Event: 106.913 GC heap before
{Heap before GC invocations=572 (full 3):
 PSYoungGen      total 4608K, used 4580K [0x00000000eab00000, 0x00000000eb100000, 0x0000000100000000)
  eden space 3584K, 100% used [0x00000000eab00000,0x00000000eae80000,0x00000000eae80000)
  from space 1024K, 97% used [0x00000000eb000000,0x00000000eb0f9008,0x00000000eb100000)
  to   space 1024K, 0% used [0x00000000eae80000,0x00000000eae80000,0x00000000eaf80000)
 ParOldGen       total 389632K, used 389359K [0x00000000c0000000, 0x00000000d7c80000, 0x00000000eab00000)
  object space 389632K, 99% used [0x00000000c0000000,0x00000000d7c3bf30,0x00000000d7c80000)
 Metaspace       used 66948K, committed 68480K, reserved 1114112K
  class space    used 6479K, committed 7168K, reserved 1048576K
}
Event: 106.918 GC heap after
{Heap after GC invocations=572 (full 3):
 PSYoungGen      total 4608K, used 755K [0x00000000eab00000, 0x00000000eb080000, 0x0000000100000000)
  eden space 3584K, 0% used [0x00000000eab00000,0x00000000eab00000,0x00000000eae80000)
  from space 1024K, 73% used [0x00000000eae80000,0x00000000eaf3ce80,0x00000000eaf80000)
  to   space 1024K, 0% used [0x00000000eaf80000,0x00000000eaf80000,0x00000000eb080000)
 ParOldGen       total 390656K, used 390242K [0x00000000c0000000, 0x00000000d7d80000, 0x00000000eab00000)
  object space 390656K, 99% used [0x00000000c0000000,0x00000000d7d18ad0,0x00000000d7d80000)
 Metaspace       used 66948K, committed 68480K, reserved 1114112K
  class space    used 6479K, committed 7168K, reserved 1048576K
}
Event: 106.968 GC heap before
{Heap before GC invocations=573 (full 3):
 PSYoungGen      total 4608K, used 4339K [0x00000000eab00000, 0x00000000eb080000, 0x0000000100000000)
  eden space 3584K, 100% used [0x00000000eab00000,0x00000000eae80000,0x00000000eae80000)
  from space 1024K, 73% used [0x00000000eae80000,0x00000000eaf3ce80,0x00000000eaf80000)
  to   space 1024K, 0% used [0x00000000eaf80000,0x00000000eaf80000,0x00000000eb080000)
 ParOldGen       total 390656K, used 390242K [0x00000000c0000000, 0x00000000d7d80000, 0x00000000eab00000)
  object space 390656K, 99% used [0x00000000c0000000,0x00000000d7d18ad0,0x00000000d7d80000)
 Metaspace       used 67001K, committed 68544K, reserved 1114112K
  class space    used 6483K, committed 7168K, reserved 1048576K
}
Event: 106.971 GC heap after
{Heap after GC invocations=573 (full 3):
 PSYoungGen      total 4608K, used 731K [0x00000000eab00000, 0x00000000eb080000, 0x0000000100000000)
  eden space 3584K, 0% used [0x00000000eab00000,0x00000000eab00000,0x00000000eae80000)
  from space 1024K, 71% used [0x00000000eaf80000,0x00000000eb036dd0,0x00000000eb080000)
  to   space 1024K, 0% used [0x00000000eae80000,0x00000000eae80000,0x00000000eaf80000)
 ParOldGen       total 391168K, used 390915K [0x00000000c0000000, 0x00000000d7e00000, 0x00000000eab00000)
  object space 391168K, 99% used [0x00000000c0000000,0x00000000d7dc0d50,0x00000000d7e00000)
 Metaspace       used 67001K, committed 68544K, reserved 1114112K
  class space    used 6483K, committed 7168K, reserved 1048576K
}
Event: 107.019 GC heap before
{Heap before GC invocations=574 (full 3):
 PSYoungGen      total 4608K, used 4282K [0x00000000eab00000, 0x00000000eb080000, 0x0000000100000000)
  eden space 3584K, 99% used [0x00000000eab00000,0x00000000eae77bb0,0x00000000eae80000)
  from space 1024K, 71% used [0x00000000eaf80000,0x00000000eb036dd0,0x00000000eb080000)
  to   space 1024K, 0% used [0x00000000eae80000,0x00000000eae80000,0x00000000eaf80000)
 ParOldGen       total 391168K, used 390915K [0x00000000c0000000, 0x00000000d7e00000, 0x00000000eab00000)
  object space 391168K, 99% used [0x00000000c0000000,0x00000000d7dc0d50,0x00000000d7e00000)
 Metaspace       used 67003K, committed 68544K, reserved 1114112K
  class space    used 6483K, committed 7168K, reserved 1048576K
}
Event: 107.021 GC heap after
{Heap after GC invocations=574 (full 3):
 PSYoungGen      total 4608K, used 773K [0x00000000eab00000, 0x00000000eb080000, 0x0000000100000000)
  eden space 3584K, 0% used [0x00000000eab00000,0x00000000eab00000,0x00000000eae80000)
  from space 1024K, 75% used [0x00000000eae80000,0x00000000eaf41640,0x00000000eaf80000)
  to   space 1024K, 0% used [0x00000000eaf80000,0x00000000eaf80000,0x00000000eb080000)
 ParOldGen       total 391680K, used 391552K [0x00000000c0000000, 0x00000000d7e80000, 0x00000000eab00000)
  object space 391680K, 99% used [0x00000000c0000000,0x00000000d7e60388,0x00000000d7e80000)
 Metaspace       used 67003K, committed 68544K, reserved 1114112K
  class space    used 6483K, committed 7168K, reserved 1048576K
}
Event: 107.071 GC heap before
{Heap before GC invocations=575 (full 3):
 PSYoungGen      total 4608K, used 4357K [0x00000000eab00000, 0x00000000eb080000, 0x0000000100000000)
  eden space 3584K, 100% used [0x00000000eab00000,0x00000000eae80000,0x00000000eae80000)
  from space 1024K, 75% used [0x00000000eae80000,0x00000000eaf41640,0x00000000eaf80000)
  to   space 1024K, 0% used [0x00000000eaf80000,0x00000000eaf80000,0x00000000eb080000)
 ParOldGen       total 391680K, used 391552K [0x00000000c0000000, 0x00000000d7e80000, 0x00000000eab00000)
  object space 391680K, 99% used [0x00000000c0000000,0x00000000d7e60388,0x00000000d7e80000)
 Metaspace       used 67009K, committed 68544K, reserved 1114112K
  class space    used 6483K, committed 7168K, reserved 1048576K
}
Event: 107.075 GC heap after
{Heap after GC invocations=575 (full 3):
 PSYoungGen      total 4608K, used 792K [0x00000000eab00000, 0x00000000eb080000, 0x0000000100000000)
  eden space 3584K, 0% used [0x00000000eab00000,0x00000000eab00000,0x00000000eae80000)
  from space 1024K, 77% used [0x00000000eaf80000,0x00000000eb046230,0x00000000eb080000)
  to   space 1024K, 0% used [0x00000000eae80000,0x00000000eae80000,0x00000000eaf80000)
 ParOldGen       total 392704K, used 392266K [0x00000000c0000000, 0x00000000d7f80000, 0x00000000eab00000)
  object space 392704K, 99% used [0x00000000c0000000,0x00000000d7f12ad8,0x00000000d7f80000)
 Metaspace       used 67009K, committed 68544K, reserved 1114112K
  class space    used 6483K, committed 7168K, reserved 1048576K
}
Event: 107.137 GC heap before
{Heap before GC invocations=576 (full 3):
 PSYoungGen      total 4608K, used 4376K [0x00000000eab00000, 0x00000000eb080000, 0x0000000100000000)
  eden space 3584K, 100% used [0x00000000eab00000,0x00000000eae80000,0x00000000eae80000)
  from space 1024K, 77% used [0x00000000eaf80000,0x00000000eb046230,0x00000000eb080000)
  to   space 1024K, 0% used [0x00000000eae80000,0x00000000eae80000,0x00000000eaf80000)
 ParOldGen       total 392704K, used 392266K [0x00000000c0000000, 0x00000000d7f80000, 0x00000000eab00000)
  object space 392704K, 99% used [0x00000000c0000000,0x00000000d7f12ad8,0x00000000d7f80000)
 Metaspace       used 67075K, committed 68608K, reserved 1114112K
  class space    used 6483K, committed 7168K, reserved 1048576K
}
Event: 107.139 GC heap after
{Heap after GC invocations=576 (full 3):
 PSYoungGen      total 4608K, used 696K [0x00000000eab00000, 0x00000000eb080000, 0x0000000100000000)
  eden space 3584K, 0% used [0x00000000eab00000,0x00000000eab00000,0x00000000eae80000)
  from space 1024K, 67% used [0x00000000eae80000,0x00000000eaf2e058,0x00000000eaf80000)
  to   space 1024K, 0% used [0x00000000eaf80000,0x00000000eaf80000,0x00000000eb080000)
 ParOldGen       total 393216K, used 393005K [0x00000000c0000000, 0x00000000d8000000, 0x00000000eab00000)
  object space 393216K, 99% used [0x00000000c0000000,0x00000000d7fcb7a0,0x00000000d8000000)
 Metaspace       used 67075K, committed 68608K, reserved 1114112K
  class space    used 6483K, committed 7168K, reserved 1048576K
}
Event: 107.196 GC heap before
{Heap before GC invocations=577 (full 3):
 PSYoungGen      total 4608K, used 4280K [0x00000000eab00000, 0x00000000eb080000, 0x0000000100000000)
  eden space 3584K, 100% used [0x00000000eab00000,0x00000000eae80000,0x00000000eae80000)
  from space 1024K, 67% used [0x00000000eae80000,0x00000000eaf2e058,0x00000000eaf80000)
  to   space 1024K, 0% used [0x00000000eaf80000,0x00000000eaf80000,0x00000000eb080000)
 ParOldGen       total 393216K, used 393005K [0x00000000c0000000, 0x00000000d8000000, 0x00000000eab00000)
  object space 393216K, 99% used [0x00000000c0000000,0x00000000d7fcb7a0,0x00000000d8000000)
 Metaspace       used 67095K, committed 68608K, reserved 1114112K
  class space    used 6483K, committed 7168K, reserved 1048576K
}
Event: 107.204 GC heap after
{Heap after GC invocations=577 (full 3):
 PSYoungGen      total 4608K, used 797K [0x00000000eab00000, 0x00000000eb080000, 0x0000000100000000)
  eden space 3584K, 0% used [0x00000000eab00000,0x00000000eab00000,0x00000000eae80000)
  from space 1024K, 77% used [0x00000000eaf80000,0x00000000eb0477c8,0x00000000eb080000)
  to   space 1024K, 0% used [0x00000000eae80000,0x00000000eae80000,0x00000000eaf80000)
 ParOldGen       total 393728K, used 393616K [0x00000000c0000000, 0x00000000d8080000, 0x00000000eab00000)
  object space 393728K, 99% used [0x00000000c0000000,0x00000000d8064290,0x00000000d8080000)
 Metaspace       used 67095K, committed 68608K, reserved 1114112K
  class space    used 6483K, committed 7168K, reserved 1048576K
}
Event: 107.270 GC heap before
{Heap before GC invocations=578 (full 3):
 PSYoungGen      total 4608K, used 4381K [0x00000000eab00000, 0x00000000eb080000, 0x0000000100000000)
  eden space 3584K, 100% used [0x00000000eab00000,0x00000000eae80000,0x00000000eae80000)
  from space 1024K, 77% used [0x00000000eaf80000,0x00000000eb0477c8,0x00000000eb080000)
  to   space 1024K, 0% used [0x00000000eae80000,0x00000000eae80000,0x00000000eaf80000)
 ParOldGen       total 393728K, used 393616K [0x00000000c0000000, 0x00000000d8080000, 0x00000000eab00000)
  object space 393728K, 99% used [0x00000000c0000000,0x00000000d8064290,0x00000000d8080000)
 Metaspace       used 67096K, committed 68608K, reserved 1114112K
  class space    used 6483K, committed 7168K, reserved 1048576K
}
Event: 107.275 GC heap after
{Heap after GC invocations=578 (full 3):
 PSYoungGen      total 4608K, used 809K [0x00000000eab00000, 0x00000000eb080000, 0x0000000100000000)
  eden space 3584K, 0% used [0x00000000eab00000,0x00000000eab00000,0x00000000eae80000)
  from space 1024K, 79% used [0x00000000eae80000,0x00000000eaf4a700,0x00000000eaf80000)
  to   space 1024K, 0% used [0x00000000eaf80000,0x00000000eaf80000,0x00000000eb080000)
 ParOldGen       total 394752K, used 394394K [0x00000000c0000000, 0x00000000d8180000, 0x00000000eab00000)
  object space 394752K, 99% used [0x00000000c0000000,0x00000000d8126848,0x00000000d8180000)
 Metaspace       used 67096K, committed 68608K, reserved 1114112K
  class space    used 6483K, committed 7168K, reserved 1048576K
}
Event: 107.338 GC heap before
{Heap before GC invocations=579 (full 3):
 PSYoungGen      total 4608K, used 4393K [0x00000000eab00000, 0x00000000eb080000, 0x0000000100000000)
  eden space 3584K, 100% used [0x00000000eab00000,0x00000000eae80000,0x00000000eae80000)
  from space 1024K, 79% used [0x00000000eae80000,0x00000000eaf4a700,0x00000000eaf80000)
  to   space 1024K, 0% used [0x00000000eaf80000,0x00000000eaf80000,0x00000000eb080000)
 ParOldGen       total 394752K, used 394394K [0x00000000c0000000, 0x00000000d8180000, 0x00000000eab00000)
  object space 394752K, 99% used [0x00000000c0000000,0x00000000d8126848,0x00000000d8180000)
 Metaspace       used 67106K, committed 68672K, reserved 1114112K
  class space    used 6484K, committed 7168K, reserved 1048576K
}
Event: 107.342 GC heap after
{Heap after GC invocations=579 (full 3):
 PSYoungGen      total 4608K, used 696K [0x00000000eab00000, 0x00000000eb080000, 0x0000000100000000)
  eden space 3584K, 0% used [0x00000000eab00000,0x00000000eab00000,0x00000000eae80000)
  from space 1024K, 68% used [0x00000000eaf80000,0x00000000eb02e268,0x00000000eb080000)
  to   space 1024K, 0% used [0x00000000eae80000,0x00000000eae80000,0x00000000eaf80000)
 ParOldGen       total 395264K, used 395137K [0x00000000c0000000, 0x00000000d8200000, 0x00000000eab00000)
  object space 395264K, 99% used [0x00000000c0000000,0x00000000d81e06f0,0x00000000d8200000)
 Metaspace       used 67106K, committed 68672K, reserved 1114112K
  class space    used 6484K, committed 7168K, reserved 1048576K
}
Event: 107.407 GC heap before
{Heap before GC invocations=580 (full 3):
 PSYoungGen      total 4608K, used 4280K [0x00000000eab00000, 0x00000000eb080000, 0x0000000100000000)
  eden space 3584K, 100% used [0x00000000eab00000,0x00000000eae80000,0x00000000eae80000)
  from space 1024K, 68% used [0x00000000eaf80000,0x00000000eb02e268,0x00000000eb080000)
  to   space 1024K, 0% used [0x00000000eae80000,0x00000000eae80000,0x00000000eaf80000)
 ParOldGen       total 395264K, used 395137K [0x00000000c0000000, 0x00000000d8200000, 0x00000000eab00000)
  object space 395264K, 99% used [0x00000000c0000000,0x00000000d81e06f0,0x00000000d8200000)
 Metaspace       used 67172K, committed 68736K, reserved 1114112K
  class space    used 6492K, committed 7168K, reserved 1048576K
}
Event: 107.416 GC heap after
{Heap after GC invocations=580 (full 3):
 PSYoungGen      total 4608K, used 758K [0x00000000eab00000, 0x00000000eb080000, 0x0000000100000000)
  eden space 3584K, 0% used [0x00000000eab00000,0x00000000eab00000,0x00000000eae80000)
  from space 1024K, 74% used [0x00000000eae80000,0x00000000eaf3db98,0x00000000eaf80000)
  to   space 1024K, 0% used [0x00000000eaf80000,0x00000000eaf80000,0x00000000eb080000)
 ParOldGen       total 396288K, used 395798K [0x00000000c0000000, 0x00000000d8300000, 0x00000000eab00000)
  object space 396288K, 99% used [0x00000000c0000000,0x00000000d8285a98,0x00000000d8300000)
 Metaspace       used 67172K, committed 68736K, reserved 1114112K
  class space    used 6492K, committed 7168K, reserved 1048576K
}
Event: 107.479 GC heap before
{Heap before GC invocations=581 (full 3):
 PSYoungGen      total 4608K, used 4342K [0x00000000eab00000, 0x00000000eb080000, 0x0000000100000000)
  eden space 3584K, 100% used [0x00000000eab00000,0x00000000eae80000,0x00000000eae80000)
  from space 1024K, 74% used [0x00000000eae80000,0x00000000eaf3db98,0x00000000eaf80000)
  to   space 1024K, 0% used [0x00000000eaf80000,0x00000000eaf80000,0x00000000eb080000)
 ParOldGen       total 396288K, used 395798K [0x00000000c0000000, 0x00000000d8300000, 0x00000000eab00000)
  object space 396288K, 99% used [0x00000000c0000000,0x00000000d8285a98,0x00000000d8300000)
 Metaspace       used 67329K, committed 68928K, reserved 1114112K
  class space    used 6506K, committed 7232K, reserved 1048576K
}
Event: 107.491 GC heap after
{Heap after GC invocations=581 (full 3):
 PSYoungGen      total 4608K, used 705K [0x00000000eab00000, 0x00000000eb080000, 0x0000000100000000)
  eden space 3584K, 0% used [0x00000000eab00000,0x00000000eab00000,0x00000000eae80000)
  from space 1024K, 68% used [0x00000000eaf80000,0x00000000eb0305f8,0x00000000eb080000)
  to   space 1024K, 0% used [0x00000000eae80000,0x00000000eae80000,0x00000000eaf80000)
 ParOldGen       total 396800K, used 396480K [0x00000000c0000000, 0x00000000d8380000, 0x00000000eab00000)
  object space 396800K, 99% used [0x00000000c0000000,0x00000000d8330018,0x00000000d8380000)
 Metaspace       used 67329K, committed 68928K, reserved 1114112K
  class space    used 6506K, committed 7232K, reserved 1048576K
}

