# JRE version: OpenJDK Runtime Environment Temurin-21.0.6+7 (21.0.6+7) (build 21.0.6+7-LTS)
# Java VM: OpenJDK 64-Bit Server VM Temurin-21.0.6+7 (21.0.6+7-LTS, mixed mode, sharing, tiered, compressed oops, compressed class ptrs, parallel gc, windows-amd64)
GC Precious Log:
 CardTable entry size: 512
 CPUs: 4 total, 4 available
 Memory: 3975M
 Large Page Support: Disabled
 NUMA Support: Disabled
 Compressed Oops: Enabled (32-bit)
 Alignments: Space 512K, Generation 512K, Heap 2M
 Heap Min Capacity: 100M
 Heap Initial Capacity: 100M
 Heap Max Capacity: 1G
 Pre-touch: Disabled
 Parallel Workers: 4
Heap:
 PSYoungGen      total 1536K, used 868K [0x00000000eab00000, 0x00000000ead80000, 0x0000000100000000)
  eden space 1024K, 53% used [0x00000000eab00000,0x00000000eab89360,0x00000000eac00000)
  from space 512K, 62% used [0x00000000eac80000,0x00000000eacd0020,0x00000000ead00000)
  to   space 512K, 0% used [0x00000000ead00000,0x00000000ead00000,0x00000000ead80000)
 ParOldGen       total 186880K, used 186667K [0x00000000c0000000, 0x00000000cb680000, 0x00000000eab00000)
  object space 186880K, 99% used [0x00000000c0000000,0x00000000cb64add0,0x00000000cb680000)
 Metaspace       used 64865K, committed 66240K, reserved 1114112K
  class space    used 6463K, committed 7040K, reserved 1048576K
GC Heap History (20 events):
Event: 139.412 GC heap before
{Heap before GC invocations=458 (full 3):
 PSYoungGen      total 1536K, used 1376K [0x00000000eab00000, 0x00000000ead80000, 0x0000000100000000)
  eden space 1024K, 100% used [0x00000000eab00000,0x00000000eac00000,0x00000000eac00000)
  from space 512K, 68% used [0x00000000ead00000,0x00000000ead58000,0x00000000ead80000)
  to   space 512K, 0% used [0x00000000eac80000,0x00000000eac80000,0x00000000ead00000)
 ParOldGen       total 184320K, used 184184K [0x00000000c0000000, 0x00000000cb400000, 0x00000000eab00000)
  object space 184320K, 99% used [0x00000000c0000000,0x00000000cb3de260,0x00000000cb400000)
 Metaspace       used 64703K, committed 66048K, reserved 1114112K
  class space    used 6459K, committed 7040K, reserved 1048576K
}
Event: 139.416 GC heap after
{Heap after GC invocations=458 (full 3):
 PSYoungGen      total 1536K, used 231K [0x00000000eab00000, 0x00000000ead80000, 0x0000000100000000)
  eden space 1024K, 0% used [0x00000000eab00000,0x00000000eab00000,0x00000000eac00000)
  from space 512K, 45% used [0x00000000eac80000,0x00000000eacb9dc8,0x00000000ead00000)
  to   space 512K, 0% used [0x00000000ead00000,0x00000000ead00000,0x00000000ead80000)
 ParOldGen       total 184832K, used 184451K [0x00000000c0000000, 0x00000000cb480000, 0x00000000eab00000)
  object space 184832K, 99% used [0x00000000c0000000,0x00000000cb420e70,0x00000000cb480000)
 Metaspace       used 64703K, committed 66048K, reserved 1114112K
  class space    used 6459K, committed 7040K, reserved 1048576K
}
Event: 139.490 GC heap before
{Heap before GC invocations=459 (full 3):
 PSYoungGen      total 1536K, used 1255K [0x00000000eab00000, 0x00000000ead80000, 0x0000000100000000)
  eden space 1024K, 100% used [0x00000000eab00000,0x00000000eac00000,0x00000000eac00000)
  from space 512K, 45% used [0x00000000eac80000,0x00000000eacb9dc8,0x00000000ead00000)
  to   space 512K, 0% used [0x00000000ead00000,0x00000000ead00000,0x00000000ead80000)
 ParOldGen       total 184832K, used 184451K [0x00000000c0000000, 0x00000000cb480000, 0x00000000eab00000)
  object space 184832K, 99% used [0x00000000c0000000,0x00000000cb420e70,0x00000000cb480000)
 Metaspace       used 64711K, committed 66112K, reserved 1114112K
  class space    used 6459K, committed 7040K, reserved 1048576K
}
Event: 139.492 GC heap after
{Heap after GC invocations=459 (full 3):
 PSYoungGen      total 1536K, used 192K [0x00000000eab00000, 0x00000000ead80000, 0x0000000100000000)
  eden space 1024K, 0% used [0x00000000eab00000,0x00000000eab00000,0x00000000eac00000)
  from space 512K, 37% used [0x00000000ead00000,0x00000000ead30000,0x00000000ead80000)
  to   space 512K, 0% used [0x00000000eac80000,0x00000000eac80000,0x00000000ead00000)
 ParOldGen       total 184832K, used 184611K [0x00000000c0000000, 0x00000000cb480000, 0x00000000eab00000)
  object space 184832K, 99% used [0x00000000c0000000,0x00000000cb448c38,0x00000000cb480000)
 Metaspace       used 64711K, committed 66112K, reserved 1114112K
  class space    used 6459K, committed 7040K, reserved 1048576K
}
Event: 139.522 GC heap before
{Heap before GC invocations=460 (full 3):
 PSYoungGen      total 1536K, used 1215K [0x00000000eab00000, 0x00000000ead80000, 0x0000000100000000)
  eden space 1024K, 99% used [0x00000000eab00000,0x00000000eabfff10,0x00000000eac00000)
  from space 512K, 37% used [0x00000000ead00000,0x00000000ead30000,0x00000000ead80000)
  to   space 512K, 0% used [0x00000000eac80000,0x00000000eac80000,0x00000000ead00000)
 ParOldGen       total 184832K, used 184611K [0x00000000c0000000, 0x00000000cb480000, 0x00000000eab00000)
  object space 184832K, 99% used [0x00000000c0000000,0x00000000cb448c38,0x00000000cb480000)
 Metaspace       used 64746K, committed 66112K, reserved 1114112K
  class space    used 6459K, committed 7040K, reserved 1048576K
}
Event: 139.524 GC heap after
{Heap after GC invocations=460 (full 3):
 PSYoungGen      total 1536K, used 317K [0x00000000eab00000, 0x00000000ead80000, 0x0000000100000000)
  eden space 1024K, 0% used [0x00000000eab00000,0x00000000eab00000,0x00000000eac00000)
  from space 512K, 62% used [0x00000000eac80000,0x00000000eaccf790,0x00000000ead00000)
  to   space 512K, 0% used [0x00000000ead00000,0x00000000ead00000,0x00000000ead80000)
 ParOldGen       total 184832K, used 184715K [0x00000000c0000000, 0x00000000cb480000, 0x00000000eab00000)
  object space 184832K, 99% used [0x00000000c0000000,0x00000000cb462c38,0x00000000cb480000)
 Metaspace       used 64746K, committed 66112K, reserved 1114112K
  class space    used 6459K, committed 7040K, reserved 1048576K
}
Event: 139.543 GC heap before
{Heap before GC invocations=461 (full 3):
 PSYoungGen      total 1536K, used 1341K [0x00000000eab00000, 0x00000000ead80000, 0x0000000100000000)
  eden space 1024K, 100% used [0x00000000eab00000,0x00000000eac00000,0x00000000eac00000)
  from space 512K, 62% used [0x00000000eac80000,0x00000000eaccf790,0x00000000ead00000)
  to   space 512K, 0% used [0x00000000ead00000,0x00000000ead00000,0x00000000ead80000)
 ParOldGen       total 184832K, used 184715K [0x00000000c0000000, 0x00000000cb480000, 0x00000000eab00000)
  object space 184832K, 99% used [0x00000000c0000000,0x00000000cb462c38,0x00000000cb480000)
 Metaspace       used 64752K, committed 66112K, reserved 1114112K
  class space    used 6459K, committed 7040K, reserved 1048576K
}
Event: 139.547 GC heap after
{Heap after GC invocations=461 (full 3):
 PSYoungGen      total 1536K, used 502K [0x00000000eab00000, 0x00000000eae00000, 0x0000000100000000)
  eden space 1024K, 0% used [0x00000000eab00000,0x00000000eab00000,0x00000000eac00000)
  from space 512K, 98% used [0x00000000ead00000,0x00000000ead7d860,0x00000000ead80000)
  to   space 1024K, 0% used [0x00000000eac00000,0x00000000eac00000,0x00000000ead00000)
 ParOldGen       total 185344K, used 185057K [0x00000000c0000000, 0x00000000cb500000, 0x00000000eab00000)
  object space 185344K, 99% used [0x00000000c0000000,0x00000000cb4b8448,0x00000000cb500000)
 Metaspace       used 64752K, committed 66112K, reserved 1114112K
  class space    used 6459K, committed 7040K, reserved 1048576K
}
Event: 139.566 GC heap before
{Heap before GC invocations=462 (full 3):
 PSYoungGen      total 1536K, used 1470K [0x00000000eab00000, 0x00000000eae00000, 0x0000000100000000)
  eden space 1024K, 94% used [0x00000000eab00000,0x00000000eabf22e0,0x00000000eac00000)
  from space 512K, 98% used [0x00000000ead00000,0x00000000ead7d860,0x00000000ead80000)
  to   space 1024K, 0% used [0x00000000eac00000,0x00000000eac00000,0x00000000ead00000)
 ParOldGen       total 185344K, used 185057K [0x00000000c0000000, 0x00000000cb500000, 0x00000000eab00000)
  object space 185344K, 99% used [0x00000000c0000000,0x00000000cb4b8448,0x00000000cb500000)
 Metaspace       used 64770K, committed 66112K, reserved 1114112K
  class space    used 6459K, committed 7040K, reserved 1048576K
}
Event: 139.570 GC heap after
{Heap after GC invocations=462 (full 3):
 PSYoungGen      total 2048K, used 553K [0x00000000eab00000, 0x00000000eae00000, 0x0000000100000000)
  eden space 1024K, 0% used [0x00000000eab00000,0x00000000eab00000,0x00000000eac00000)
  from space 1024K, 54% used [0x00000000eac00000,0x00000000eac8a6c0,0x00000000ead00000)
  to   space 1024K, 0% used [0x00000000ead00000,0x00000000ead00000,0x00000000eae00000)
 ParOldGen       total 185856K, used 185485K [0x00000000c0000000, 0x00000000cb580000, 0x00000000eab00000)
  object space 185856K, 99% used [0x00000000c0000000,0x00000000cb5234b0,0x00000000cb580000)
 Metaspace       used 64770K, committed 66112K, reserved 1114112K
  class space    used 6459K, committed 7040K, reserved 1048576K
}
Event: 139.770 GC heap before
{Heap before GC invocations=463 (full 3):
 PSYoungGen      total 2048K, used 1574K [0x00000000eab00000, 0x00000000eae00000, 0x0000000100000000)
  eden space 1024K, 99% used [0x00000000eab00000,0x00000000eabff350,0x00000000eac00000)
  from space 1024K, 54% used [0x00000000eac00000,0x00000000eac8a6c0,0x00000000ead00000)
  to   space 1024K, 0% used [0x00000000ead00000,0x00000000ead00000,0x00000000eae00000)
 ParOldGen       total 185856K, used 185485K [0x00000000c0000000, 0x00000000cb580000, 0x00000000eab00000)
  object space 185856K, 99% used [0x00000000c0000000,0x00000000cb5234b0,0x00000000cb580000)
 Metaspace       used 64784K, committed 66176K, reserved 1114112K
  class space    used 6459K, committed 7040K, reserved 1048576K
}
Event: 139.771 GC heap after
{Heap after GC invocations=463 (full 3):
 PSYoungGen      total 1536K, used 236K [0x00000000eab00000, 0x00000000ead80000, 0x0000000100000000)
  eden space 1024K, 0% used [0x00000000eab00000,0x00000000eab00000,0x00000000eac00000)
  from space 512K, 46% used [0x00000000ead00000,0x00000000ead3b2a0,0x00000000ead80000)
  to   space 512K, 0% used [0x00000000eac80000,0x00000000eac80000,0x00000000ead00000)
 ParOldGen       total 186368K, used 185878K [0x00000000c0000000, 0x00000000cb600000, 0x00000000eab00000)
  object space 186368K, 99% used [0x00000000c0000000,0x00000000cb585af0,0x00000000cb600000)
 Metaspace       used 64784K, committed 66176K, reserved 1114112K
  class space    used 6459K, committed 7040K, reserved 1048576K
}
Event: 139.895 GC heap before
{Heap before GC invocations=464 (full 3):
 PSYoungGen      total 1536K, used 1260K [0x00000000eab00000, 0x00000000ead80000, 0x0000000100000000)
  eden space 1024K, 99% used [0x00000000eab00000,0x00000000eabffee8,0x00000000eac00000)
  from space 512K, 46% used [0x00000000ead00000,0x00000000ead3b2a0,0x00000000ead80000)
  to   space 512K, 0% used [0x00000000eac80000,0x00000000eac80000,0x00000000ead00000)
 ParOldGen       total 186368K, used 185878K [0x00000000c0000000, 0x00000000cb600000, 0x00000000eab00000)
  object space 186368K, 99% used [0x00000000c0000000,0x00000000cb585af0,0x00000000cb600000)
 Metaspace       used 64797K, committed 66176K, reserved 1114112K
  class space    used 6459K, committed 7040K, reserved 1048576K
}
Event: 139.898 GC heap after
{Heap after GC invocations=464 (full 3):
 PSYoungGen      total 1536K, used 224K [0x00000000eab00000, 0x00000000ead80000, 0x0000000100000000)
  eden space 1024K, 0% used [0x00000000eab00000,0x00000000eab00000,0x00000000eac00000)
  from space 512K, 43% used [0x00000000eac80000,0x00000000eacb8010,0x00000000ead00000)
  to   space 512K, 0% used [0x00000000ead00000,0x00000000ead00000,0x00000000ead80000)
 ParOldGen       total 186368K, used 186043K [0x00000000c0000000, 0x00000000cb600000, 0x00000000eab00000)
  object space 186368K, 99% used [0x00000000c0000000,0x00000000cb5aed90,0x00000000cb600000)
 Metaspace       used 64797K, committed 66176K, reserved 1114112K
  class space    used 6459K, committed 7040K, reserved 1048576K
}
Event: 139.972 GC heap before
{Heap before GC invocations=465 (full 3):
 PSYoungGen      total 1536K, used 1168K [0x00000000eab00000, 0x00000000ead80000, 0x0000000100000000)
  eden space 1024K, 92% used [0x00000000eab00000,0x00000000eabec100,0x00000000eac00000)
  from space 512K, 43% used [0x00000000eac80000,0x00000000eacb8010,0x00000000ead00000)
  to   space 512K, 0% used [0x00000000ead00000,0x00000000ead00000,0x00000000ead80000)
 ParOldGen       total 186368K, used 186043K [0x00000000c0000000, 0x00000000cb600000, 0x00000000eab00000)
  object space 186368K, 99% used [0x00000000c0000000,0x00000000cb5aed90,0x00000000cb600000)
 Metaspace       used 64808K, committed 66176K, reserved 1114112K
  class space    used 6459K, committed 7040K, reserved 1048576K
}
Event: 139.974 GC heap after
{Heap after GC invocations=465 (full 3):
 PSYoungGen      total 1536K, used 160K [0x00000000eab00000, 0x00000000ead80000, 0x0000000100000000)
  eden space 1024K, 0% used [0x00000000eab00000,0x00000000eab00000,0x00000000eac00000)
  from space 512K, 31% used [0x00000000ead00000,0x00000000ead28000,0x00000000ead80000)
  to   space 512K, 0% used [0x00000000eac80000,0x00000000eac80000,0x00000000ead00000)
 ParOldGen       total 186368K, used 186187K [0x00000000c0000000, 0x00000000cb600000, 0x00000000eab00000)
  object space 186368K, 99% used [0x00000000c0000000,0x00000000cb5d2da0,0x00000000cb600000)
 Metaspace       used 64808K, committed 66176K, reserved 1114112K
  class space    used 6459K, committed 7040K, reserved 1048576K
}
Event: 140.223 GC heap before
{Heap before GC invocations=466 (full 3):
 PSYoungGen      total 1536K, used 1172K [0x00000000eab00000, 0x00000000ead80000, 0x0000000100000000)
  eden space 1024K, 98% used [0x00000000eab00000,0x00000000eabfd3c0,0x00000000eac00000)
  from space 512K, 31% used [0x00000000ead00000,0x00000000ead28000,0x00000000ead80000)
  to   space 512K, 0% used [0x00000000eac80000,0x00000000eac80000,0x00000000ead00000)
 ParOldGen       total 186368K, used 186187K [0x00000000c0000000, 0x00000000cb600000, 0x00000000eab00000)
  object space 186368K, 99% used [0x00000000c0000000,0x00000000cb5d2da0,0x00000000cb600000)
 Metaspace       used 64817K, committed 66176K, reserved 1114112K
  class space    used 6459K, committed 7040K, reserved 1048576K
}
Event: 140.249 GC heap after
{Heap after GC invocations=466 (full 3):
 PSYoungGen      total 1536K, used 160K [0x00000000eab00000, 0x00000000ead80000, 0x0000000100000000)
  eden space 1024K, 0% used [0x00000000eab00000,0x00000000eab00000,0x00000000eac00000)
  from space 512K, 31% used [0x00000000eac80000,0x00000000eaca8000,0x00000000ead00000)
  to   space 512K, 0% used [0x00000000ead00000,0x00000000ead00000,0x00000000ead80000)
 ParOldGen       total 186368K, used 186267K [0x00000000c0000000, 0x00000000cb600000, 0x00000000eab00000)
  object space 186368K, 99% used [0x00000000c0000000,0x00000000cb5e6da0,0x00000000cb600000)
 Metaspace       used 64817K, committed 66176K, reserved 1114112K
  class space    used 6459K, committed 7040K, reserved 1048576K
}
Event: 141.841 GC heap before
{Heap before GC invocations=467 (full 3):
 PSYoungGen      total 1536K, used 1183K [0x00000000eab00000, 0x00000000ead80000, 0x0000000100000000)
  eden space 1024K, 99% used [0x00000000eab00000,0x00000000eabffff0,0x00000000eac00000)
  from space 512K, 31% used [0x00000000eac80000,0x00000000eaca8000,0x00000000ead00000)
  to   space 512K, 0% used [0x00000000ead00000,0x00000000ead00000,0x00000000ead80000)
 ParOldGen       total 186368K, used 186267K [0x00000000c0000000, 0x00000000cb600000, 0x00000000eab00000)
  object space 186368K, 99% used [0x00000000c0000000,0x00000000cb5e6da0,0x00000000cb600000)
 Metaspace       used 64850K, committed 66176K, reserved 1114112K
  class space    used 6462K, committed 7040K, reserved 1048576K
}
Event: 141.865 GC heap after
{Heap after GC invocations=467 (full 3):
 PSYoungGen      total 1536K, used 384K [0x00000000eab00000, 0x00000000ead80000, 0x0000000100000000)
  eden space 1024K, 0% used [0x00000000eab00000,0x00000000eab00000,0x00000000eac00000)
  from space 512K, 75% used [0x00000000ead00000,0x00000000ead60000,0x00000000ead80000)
  to   space 512K, 0% used [0x00000000eac80000,0x00000000eac80000,0x00000000ead00000)
 ParOldGen       total 186368K, used 186347K [0x00000000c0000000, 0x00000000cb600000, 0x00000000eab00000)
  object space 186368K, 99% used [0x00000000c0000000,0x00000000cb5fada0,0x00000000cb600000)
 Metaspace       used 64850K, committed 66176K, reserved 1114112K
  class space    used 6462K, committed 7040K, reserved 1048576K
}

