# JRE version: OpenJDK Runtime Environment Temurin-21.0.6+7 (21.0.6+7) (build 21.0.6+7-LTS)
# Java VM: OpenJDK 64-Bit Server VM Temurin-21.0.6+7 (21.0.6+7-LTS, mixed mode, sharing, tiered, compressed oops, compressed class ptrs, parallel gc, windows-amd64)
GC Precious Log:
 CardTable entry size: 512
 CPUs: 4 total, 4 available
 Memory: 3975M
 Large Page Support: Disabled
 NUMA Support: Disabled
 Compressed Oops: Enabled (32-bit)
 Alignments: Space 512K, Generation 512K, Heap 2M
 Heap Min Capacity: 100M
 Heap Initial Capacity: 100M
 Heap Max Capacity: 1G
 Pre-touch: Disabled
 Parallel Workers: 4
Heap:
 PSYoungGen      total 3584K, used 2576K [0x00000000eab00000, 0x00000000eaf80000, 0x0000000100000000)
  eden space 2560K, 75% used [0x00000000eab00000,0x00000000eace1710,0x00000000ead80000)
  from space 1024K, 63% used [0x00000000ead80000,0x00000000eae22a10,0x00000000eae80000)
  to   space 1024K, 0% used [0x00000000eae80000,0x00000000eae80000,0x00000000eaf80000)
 ParOldGen       total 440832K, used 440789K [0x00000000c0000000, 0x00000000dae80000, 0x00000000eab00000)
  object space 440832K, 99% used [0x00000000c0000000,0x00000000dae75450,0x00000000dae80000)
 Metaspace       used 68161K, committed 69696K, reserved 1114112K
  class space    used 6591K, committed 7296K, reserved 1048576K
GC Heap History (20 events):
Event: 144.099 GC heap before
{Heap before GC invocations=673 (full 3):
 PSYoungGen      total 3584K, used 3174K [0x00000000eab00000, 0x00000000eaf80000, 0x0000000100000000)
  eden space 2560K, 100% used [0x00000000eab00000,0x00000000ead80000,0x00000000ead80000)
  from space 1024K, 59% used [0x00000000ead80000,0x00000000eae198c8,0x00000000eae80000)
  to   space 1024K, 0% used [0x00000000eae80000,0x00000000eae80000,0x00000000eaf80000)
 ParOldGen       total 435200K, used 434809K [0x00000000c0000000, 0x00000000da900000, 0x00000000eab00000)
  object space 435200K, 99% used [0x00000000c0000000,0x00000000da89e698,0x00000000da900000)
 Metaspace       used 68161K, committed 69696K, reserved 1114112K
  class space    used 6591K, committed 7296K, reserved 1048576K
}
Event: 144.321 GC heap after
{Heap after GC invocations=673 (full 3):
 PSYoungGen      total 3584K, used 672K [0x00000000eab00000, 0x00000000eaf80000, 0x0000000100000000)
  eden space 2560K, 0% used [0x00000000eab00000,0x00000000eab00000,0x00000000ead80000)
  from space 1024K, 65% used [0x00000000eae80000,0x00000000eaf28000,0x00000000eaf80000)
  to   space 1024K, 0% used [0x00000000ead80000,0x00000000ead80000,0x00000000eae80000)
 ParOldGen       total 435712K, used 435392K [0x00000000c0000000, 0x00000000da980000, 0x00000000eab00000)
  object space 435712K, 99% used [0x00000000c0000000,0x00000000da930030,0x00000000da980000)
 Metaspace       used 68161K, committed 69696K, reserved 1114112K
  class space    used 6591K, committed 7296K, reserved 1048576K
}
Event: 144.463 GC heap before
{Heap before GC invocations=674 (full 3):
 PSYoungGen      total 3584K, used 3232K [0x00000000eab00000, 0x00000000eaf80000, 0x0000000100000000)
  eden space 2560K, 100% used [0x00000000eab00000,0x00000000ead80000,0x00000000ead80000)
  from space 1024K, 65% used [0x00000000eae80000,0x00000000eaf28000,0x00000000eaf80000)
  to   space 1024K, 0% used [0x00000000ead80000,0x00000000ead80000,0x00000000eae80000)
 ParOldGen       total 435712K, used 435392K [0x00000000c0000000, 0x00000000da980000, 0x00000000eab00000)
  object space 435712K, 99% used [0x00000000c0000000,0x00000000da930030,0x00000000da980000)
 Metaspace       used 68161K, committed 69696K, reserved 1114112K
  class space    used 6591K, committed 7296K, reserved 1048576K
}
Event: 144.470 GC heap after
{Heap after GC invocations=674 (full 3):
 PSYoungGen      total 3584K, used 576K [0x00000000eab00000, 0x00000000eaf80000, 0x0000000100000000)
  eden space 2560K, 0% used [0x00000000eab00000,0x00000000eab00000,0x00000000ead80000)
  from space 1024K, 56% used [0x00000000ead80000,0x00000000eae10000,0x00000000eae80000)
  to   space 1024K, 0% used [0x00000000eae80000,0x00000000eae80000,0x00000000eaf80000)
 ParOldGen       total 436224K, used 435990K [0x00000000c0000000, 0x00000000daa00000, 0x00000000eab00000)
  object space 436224K, 99% used [0x00000000c0000000,0x00000000da9c5938,0x00000000daa00000)
 Metaspace       used 68161K, committed 69696K, reserved 1114112K
  class space    used 6591K, committed 7296K, reserved 1048576K
}
Event: 144.670 GC heap before
{Heap before GC invocations=675 (full 3):
 PSYoungGen      total 3584K, used 3136K [0x00000000eab00000, 0x00000000eaf80000, 0x0000000100000000)
  eden space 2560K, 100% used [0x00000000eab00000,0x00000000ead80000,0x00000000ead80000)
  from space 1024K, 56% used [0x00000000ead80000,0x00000000eae10000,0x00000000eae80000)
  to   space 1024K, 0% used [0x00000000eae80000,0x00000000eae80000,0x00000000eaf80000)
 ParOldGen       total 436224K, used 435990K [0x00000000c0000000, 0x00000000daa00000, 0x00000000eab00000)
  object space 436224K, 99% used [0x00000000c0000000,0x00000000da9c5938,0x00000000daa00000)
 Metaspace       used 68161K, committed 69696K, reserved 1114112K
  class space    used 6591K, committed 7296K, reserved 1048576K
}
Event: 144.675 GC heap after
{Heap after GC invocations=675 (full 3):
 PSYoungGen      total 3584K, used 736K [0x00000000eab00000, 0x00000000eaf80000, 0x0000000100000000)
  eden space 2560K, 0% used [0x00000000eab00000,0x00000000eab00000,0x00000000ead80000)
  from space 1024K, 71% used [0x00000000eae80000,0x00000000eaf38000,0x00000000eaf80000)
  to   space 1024K, 0% used [0x00000000ead80000,0x00000000ead80000,0x00000000eae80000)
 ParOldGen       total 436736K, used 436535K [0x00000000c0000000, 0x00000000daa80000, 0x00000000eab00000)
  object space 436736K, 99% used [0x00000000c0000000,0x00000000daa4de38,0x00000000daa80000)
 Metaspace       used 68161K, committed 69696K, reserved 1114112K
  class space    used 6591K, committed 7296K, reserved 1048576K
}
Event: 146.470 GC heap before
{Heap before GC invocations=676 (full 3):
 PSYoungGen      total 3584K, used 3295K [0x00000000eab00000, 0x00000000eaf80000, 0x0000000100000000)
  eden space 2560K, 99% used [0x00000000eab00000,0x00000000ead7fff8,0x00000000ead80000)
  from space 1024K, 71% used [0x00000000eae80000,0x00000000eaf38000,0x00000000eaf80000)
  to   space 1024K, 0% used [0x00000000ead80000,0x00000000ead80000,0x00000000eae80000)
 ParOldGen       total 436736K, used 436535K [0x00000000c0000000, 0x00000000daa80000, 0x00000000eab00000)
  object space 436736K, 99% used [0x00000000c0000000,0x00000000daa4de38,0x00000000daa80000)
 Metaspace       used 68161K, committed 69696K, reserved 1114112K
  class space    used 6591K, committed 7296K, reserved 1048576K
}
Event: 146.476 GC heap after
{Heap after GC invocations=676 (full 3):
 PSYoungGen      total 3584K, used 708K [0x00000000eab00000, 0x00000000eaf80000, 0x0000000100000000)
  eden space 2560K, 0% used [0x00000000eab00000,0x00000000eab00000,0x00000000ead80000)
  from space 1024K, 69% used [0x00000000ead80000,0x00000000eae31038,0x00000000eae80000)
  to   space 1024K, 0% used [0x00000000eae80000,0x00000000eae80000,0x00000000eaf80000)
 ParOldGen       total 437248K, used 437154K [0x00000000c0000000, 0x00000000dab00000, 0x00000000eab00000)
  object space 437248K, 99% used [0x00000000c0000000,0x00000000daae8bb0,0x00000000dab00000)
 Metaspace       used 68161K, committed 69696K, reserved 1114112K
  class space    used 6591K, committed 7296K, reserved 1048576K
}
Event: 146.711 GC heap before
{Heap before GC invocations=677 (full 3):
 PSYoungGen      total 3584K, used 3256K [0x00000000eab00000, 0x00000000eaf80000, 0x0000000100000000)
  eden space 2560K, 99% used [0x00000000eab00000,0x00000000ead7d168,0x00000000ead80000)
  from space 1024K, 69% used [0x00000000ead80000,0x00000000eae31038,0x00000000eae80000)
  to   space 1024K, 0% used [0x00000000eae80000,0x00000000eae80000,0x00000000eaf80000)
 ParOldGen       total 437248K, used 437154K [0x00000000c0000000, 0x00000000dab00000, 0x00000000eab00000)
  object space 437248K, 99% used [0x00000000c0000000,0x00000000daae8bb0,0x00000000dab00000)
 Metaspace       used 68161K, committed 69696K, reserved 1114112K
  class space    used 6591K, committed 7296K, reserved 1048576K
}
Event: 146.716 GC heap after
{Heap after GC invocations=677 (full 3):
 PSYoungGen      total 3584K, used 755K [0x00000000eab00000, 0x00000000eaf80000, 0x0000000100000000)
  eden space 2560K, 0% used [0x00000000eab00000,0x00000000eab00000,0x00000000ead80000)
  from space 1024K, 73% used [0x00000000eae80000,0x00000000eaf3cca8,0x00000000eaf80000)
  to   space 1024K, 0% used [0x00000000ead80000,0x00000000ead80000,0x00000000eae80000)
 ParOldGen       total 438272K, used 437800K [0x00000000c0000000, 0x00000000dac00000, 0x00000000eab00000)
  object space 438272K, 99% used [0x00000000c0000000,0x00000000dab8a080,0x00000000dac00000)
 Metaspace       used 68161K, committed 69696K, reserved 1114112K
  class space    used 6591K, committed 7296K, reserved 1048576K
}
Event: 146.927 GC heap before
{Heap before GC invocations=678 (full 3):
 PSYoungGen      total 3584K, used 3315K [0x00000000eab00000, 0x00000000eaf80000, 0x0000000100000000)
  eden space 2560K, 100% used [0x00000000eab00000,0x00000000ead80000,0x00000000ead80000)
  from space 1024K, 73% used [0x00000000eae80000,0x00000000eaf3cca8,0x00000000eaf80000)
  to   space 1024K, 0% used [0x00000000ead80000,0x00000000ead80000,0x00000000eae80000)
 ParOldGen       total 438272K, used 437800K [0x00000000c0000000, 0x00000000dac00000, 0x00000000eab00000)
  object space 438272K, 99% used [0x00000000c0000000,0x00000000dab8a080,0x00000000dac00000)
 Metaspace       used 68161K, committed 69696K, reserved 1114112K
  class space    used 6591K, committed 7296K, reserved 1048576K
}
Event: 146.930 GC heap after
{Heap after GC invocations=678 (full 3):
 PSYoungGen      total 3584K, used 608K [0x00000000eab00000, 0x00000000eaf80000, 0x0000000100000000)
  eden space 2560K, 0% used [0x00000000eab00000,0x00000000eab00000,0x00000000ead80000)
  from space 1024K, 59% used [0x00000000ead80000,0x00000000eae18000,0x00000000eae80000)
  to   space 1024K, 0% used [0x00000000eae80000,0x00000000eae80000,0x00000000eaf80000)
 ParOldGen       total 438784K, used 438470K [0x00000000c0000000, 0x00000000dac80000, 0x00000000eab00000)
  object space 438784K, 99% used [0x00000000c0000000,0x00000000dac31bc8,0x00000000dac80000)
 Metaspace       used 68161K, committed 69696K, reserved 1114112K
  class space    used 6591K, committed 7296K, reserved 1048576K
}
Event: 147.059 GC heap before
{Heap before GC invocations=679 (full 3):
 PSYoungGen      total 3584K, used 3168K [0x00000000eab00000, 0x00000000eaf80000, 0x0000000100000000)
  eden space 2560K, 100% used [0x00000000eab00000,0x00000000ead80000,0x00000000ead80000)
  from space 1024K, 59% used [0x00000000ead80000,0x00000000eae18000,0x00000000eae80000)
  to   space 1024K, 0% used [0x00000000eae80000,0x00000000eae80000,0x00000000eaf80000)
 ParOldGen       total 438784K, used 438470K [0x00000000c0000000, 0x00000000dac80000, 0x00000000eab00000)
  object space 438784K, 99% used [0x00000000c0000000,0x00000000dac31bc8,0x00000000dac80000)
 Metaspace       used 68161K, committed 69696K, reserved 1114112K
  class space    used 6591K, committed 7296K, reserved 1048576K
}
Event: 147.064 GC heap after
{Heap after GC invocations=679 (full 3):
 PSYoungGen      total 3584K, used 576K [0x00000000eab00000, 0x00000000eaf80000, 0x0000000100000000)
  eden space 2560K, 0% used [0x00000000eab00000,0x00000000eab00000,0x00000000ead80000)
  from space 1024K, 56% used [0x00000000eae80000,0x00000000eaf10000,0x00000000eaf80000)
  to   space 1024K, 0% used [0x00000000ead80000,0x00000000ead80000,0x00000000eae80000)
 ParOldGen       total 439296K, used 439047K [0x00000000c0000000, 0x00000000dad00000, 0x00000000eab00000)
  object space 439296K, 99% used [0x00000000c0000000,0x00000000dacc1e78,0x00000000dad00000)
 Metaspace       used 68161K, committed 69696K, reserved 1114112K
  class space    used 6591K, committed 7296K, reserved 1048576K
}
Event: 147.221 GC heap before
{Heap before GC invocations=680 (full 3):
 PSYoungGen      total 3584K, used 3136K [0x00000000eab00000, 0x00000000eaf80000, 0x0000000100000000)
  eden space 2560K, 100% used [0x00000000eab00000,0x00000000ead80000,0x00000000ead80000)
  from space 1024K, 56% used [0x00000000eae80000,0x00000000eaf10000,0x00000000eaf80000)
  to   space 1024K, 0% used [0x00000000ead80000,0x00000000ead80000,0x00000000eae80000)
 ParOldGen       total 439296K, used 439047K [0x00000000c0000000, 0x00000000dad00000, 0x00000000eab00000)
  object space 439296K, 99% used [0x00000000c0000000,0x00000000dacc1e78,0x00000000dad00000)
 Metaspace       used 68161K, committed 69696K, reserved 1114112K
  class space    used 6591K, committed 7296K, reserved 1048576K
}
Event: 147.228 GC heap after
{Heap after GC invocations=680 (full 3):
 PSYoungGen      total 3584K, used 608K [0x00000000eab00000, 0x00000000eaf80000, 0x0000000100000000)
  eden space 2560K, 0% used [0x00000000eab00000,0x00000000eab00000,0x00000000ead80000)
  from space 1024K, 59% used [0x00000000ead80000,0x00000000eae18000,0x00000000eae80000)
  to   space 1024K, 0% used [0x00000000eae80000,0x00000000eae80000,0x00000000eaf80000)
 ParOldGen       total 439808K, used 439603K [0x00000000c0000000, 0x00000000dad80000, 0x00000000eab00000)
  object space 439808K, 99% used [0x00000000c0000000,0x00000000dad4cdd8,0x00000000dad80000)
 Metaspace       used 68161K, committed 69696K, reserved 1114112K
  class space    used 6591K, committed 7296K, reserved 1048576K
}
Event: 147.376 GC heap before
{Heap before GC invocations=681 (full 3):
 PSYoungGen      total 3584K, used 3168K [0x00000000eab00000, 0x00000000eaf80000, 0x0000000100000000)
  eden space 2560K, 100% used [0x00000000eab00000,0x00000000ead80000,0x00000000ead80000)
  from space 1024K, 59% used [0x00000000ead80000,0x00000000eae18000,0x00000000eae80000)
  to   space 1024K, 0% used [0x00000000eae80000,0x00000000eae80000,0x00000000eaf80000)
 ParOldGen       total 439808K, used 439603K [0x00000000c0000000, 0x00000000dad80000, 0x00000000eab00000)
  object space 439808K, 99% used [0x00000000c0000000,0x00000000dad4cdd8,0x00000000dad80000)
 Metaspace       used 68161K, committed 69696K, reserved 1114112K
  class space    used 6591K, committed 7296K, reserved 1048576K
}
Event: 147.380 GC heap after
{Heap after GC invocations=681 (full 3):
 PSYoungGen      total 3584K, used 625K [0x00000000eab00000, 0x00000000eaf80000, 0x0000000100000000)
  eden space 2560K, 0% used [0x00000000eab00000,0x00000000eab00000,0x00000000ead80000)
  from space 1024K, 61% used [0x00000000eae80000,0x00000000eaf1c670,0x00000000eaf80000)
  to   space 1024K, 0% used [0x00000000ead80000,0x00000000ead80000,0x00000000eae80000)
 ParOldGen       total 440320K, used 440213K [0x00000000c0000000, 0x00000000dae00000, 0x00000000eab00000)
  object space 440320K, 99% used [0x00000000c0000000,0x00000000dade54a8,0x00000000dae00000)
 Metaspace       used 68161K, committed 69696K, reserved 1114112K
  class space    used 6591K, committed 7296K, reserved 1048576K
}
Event: 147.550 GC heap before
{Heap before GC invocations=682 (full 3):
 PSYoungGen      total 3584K, used 3185K [0x00000000eab00000, 0x00000000eaf80000, 0x0000000100000000)
  eden space 2560K, 100% used [0x00000000eab00000,0x00000000ead80000,0x00000000ead80000)
  from space 1024K, 61% used [0x00000000eae80000,0x00000000eaf1c670,0x00000000eaf80000)
  to   space 1024K, 0% used [0x00000000ead80000,0x00000000ead80000,0x00000000eae80000)
 ParOldGen       total 440320K, used 440213K [0x00000000c0000000, 0x00000000dae00000, 0x00000000eab00000)
  object space 440320K, 99% used [0x00000000c0000000,0x00000000dade54a8,0x00000000dae00000)
 Metaspace       used 68161K, committed 69696K, reserved 1114112K
  class space    used 6591K, committed 7296K, reserved 1048576K
}
Event: 147.555 GC heap after
{Heap after GC invocations=682 (full 3):
 PSYoungGen      total 3584K, used 650K [0x00000000eab00000, 0x00000000eaf80000, 0x0000000100000000)
  eden space 2560K, 0% used [0x00000000eab00000,0x00000000eab00000,0x00000000ead80000)
  from space 1024K, 63% used [0x00000000ead80000,0x00000000eae22a10,0x00000000eae80000)
  to   space 1024K, 0% used [0x00000000eae80000,0x00000000eae80000,0x00000000eaf80000)
 ParOldGen       total 440832K, used 440789K [0x00000000c0000000, 0x00000000dae80000, 0x00000000eab00000)
  object space 440832K, 99% used [0x00000000c0000000,0x00000000dae75450,0x00000000dae80000)
 Metaspace       used 68161K, committed 69696K, reserved 1114112K
  class space    used 6591K, committed 7296K, reserved 1048576K
}

