# JRE version: OpenJDK Runtime Environment Temurin-21.0.6+7 (21.0.6+7) (build 21.0.6+7-LTS)
# Java VM: OpenJDK 64-Bit Server VM Temurin-21.0.6+7 (21.0.6+7-LTS, mixed mode, sharing, tiered, compressed oops, compressed class ptrs, parallel gc, windows-amd64)
GC Precious Log:
 CardTable entry size: 512
 CPUs: 4 total, 4 available
 Memory: 3975M
 Large Page Support: Disabled
 NUMA Support: Disabled
 Compressed Oops: Enabled (32-bit)
 Alignments: Space 512K, Generation 512K, Heap 2M
 Heap Min Capacity: 100M
 Heap Initial Capacity: 100M
 Heap Max Capacity: 1G
 Pre-touch: Disabled
 Parallel Workers: 4
Heap:
 PSYoungGen      total 2560K, used 599K [0x00000000eab00000, 0x00000000eae80000, 0x0000000100000000)
  eden space 2048K, 15% used [0x00000000eab00000,0x00000000eab4dd70,0x00000000ead00000)
  from space 512K, 56% used [0x00000000ead80000,0x00000000eadc8000,0x00000000eae00000)
  to   space 512K, 0% used [0x00000000eae00000,0x00000000eae00000,0x00000000eae80000)
 ParOldGen       total 444416K, used 444085K [0x00000000c0000000, 0x00000000db200000, 0x00000000eab00000)
  object space 444416K, 99% used [0x00000000c0000000,0x00000000db1ad660,0x00000000db200000)
 Metaspace       used 68708K, committed 70336K, reserved 1114112K
  class space    used 6676K, committed 7360K, reserved 1048576K
GC Heap History (20 events):
Event: 73.764 GC heap before
{Heap before GC invocations=812 (full 3):
 PSYoungGen      total 2560K, used 2547K [0x00000000eab00000, 0x00000000eae80000, 0x0000000100000000)
  eden space 2048K, 100% used [0x00000000eab00000,0x00000000ead00000,0x00000000ead00000)
  from space 512K, 97% used [0x00000000eae00000,0x00000000eae7cfd0,0x00000000eae80000)
  to   space 512K, 0% used [0x00000000ead80000,0x00000000ead80000,0x00000000eae00000)
 ParOldGen       total 441344K, used 441122K [0x00000000c0000000, 0x00000000daf00000, 0x00000000eab00000)
  object space 441344K, 99% used [0x00000000c0000000,0x00000000daec8998,0x00000000daf00000)
 Metaspace       used 67563K, committed 69120K, reserved 1114112K
  class space    used 6542K, committed 7232K, reserved 1048576K
}
Event: 73.770 GC heap after
{Heap after GC invocations=812 (full 3):
 PSYoungGen      total 2560K, used 498K [0x00000000eab00000, 0x00000000eaf00000, 0x0000000100000000)
  eden space 2048K, 0% used [0x00000000eab00000,0x00000000eab00000,0x00000000ead00000)
  from space 512K, 97% used [0x00000000ead80000,0x00000000eadfc9f8,0x00000000eae00000)
  to   space 1024K, 0% used [0x00000000eae00000,0x00000000eae00000,0x00000000eaf00000)
 ParOldGen       total 441856K, used 441564K [0x00000000c0000000, 0x00000000daf80000, 0x00000000eab00000)
  object space 441856K, 99% used [0x00000000c0000000,0x00000000daf37150,0x00000000daf80000)
 Metaspace       used 67563K, committed 69120K, reserved 1114112K
  class space    used 6542K, committed 7232K, reserved 1048576K
}
Event: 73.821 GC heap before
{Heap before GC invocations=813 (full 3):
 PSYoungGen      total 2560K, used 2546K [0x00000000eab00000, 0x00000000eaf00000, 0x0000000100000000)
  eden space 2048K, 100% used [0x00000000eab00000,0x00000000ead00000,0x00000000ead00000)
  from space 512K, 97% used [0x00000000ead80000,0x00000000eadfc9f8,0x00000000eae00000)
  to   space 1024K, 0% used [0x00000000eae00000,0x00000000eae00000,0x00000000eaf00000)
 ParOldGen       total 441856K, used 441564K [0x00000000c0000000, 0x00000000daf80000, 0x00000000eab00000)
  object space 441856K, 99% used [0x00000000c0000000,0x00000000daf37150,0x00000000daf80000)
 Metaspace       used 67583K, committed 69184K, reserved 1114112K
  class space    used 6546K, committed 7232K, reserved 1048576K
}
Event: 73.826 GC heap after
{Heap after GC invocations=813 (full 3):
 PSYoungGen      total 3072K, used 512K [0x00000000eab00000, 0x00000000eaf00000, 0x0000000100000000)
  eden space 2048K, 0% used [0x00000000eab00000,0x00000000eab00000,0x00000000ead00000)
  from space 1024K, 50% used [0x00000000eae00000,0x00000000eae80000,0x00000000eaf00000)
  to   space 1024K, 0% used [0x00000000ead00000,0x00000000ead00000,0x00000000eae00000)
 ParOldGen       total 442368K, used 442005K [0x00000000c0000000, 0x00000000db000000, 0x00000000eab00000)
  object space 442368K, 99% used [0x00000000c0000000,0x00000000dafa5648,0x00000000db000000)
 Metaspace       used 67583K, committed 69184K, reserved 1114112K
  class space    used 6546K, committed 7232K, reserved 1048576K
}
Event: 74.018 GC heap before
{Heap before GC invocations=814 (full 3):
 PSYoungGen      total 3072K, used 2560K [0x00000000eab00000, 0x00000000eaf00000, 0x0000000100000000)
  eden space 2048K, 100% used [0x00000000eab00000,0x00000000ead00000,0x00000000ead00000)
  from space 1024K, 50% used [0x00000000eae00000,0x00000000eae80000,0x00000000eaf00000)
  to   space 1024K, 0% used [0x00000000ead00000,0x00000000ead00000,0x00000000eae00000)
 ParOldGen       total 442368K, used 442005K [0x00000000c0000000, 0x00000000db000000, 0x00000000eab00000)
  object space 442368K, 99% used [0x00000000c0000000,0x00000000dafa5648,0x00000000db000000)
 Metaspace       used 67730K, committed 69248K, reserved 1114112K
  class space    used 6559K, committed 7232K, reserved 1048576K
}
Event: 74.023 GC heap after
{Heap after GC invocations=814 (full 3):
 PSYoungGen      total 3072K, used 464K [0x00000000eab00000, 0x00000000eae80000, 0x0000000100000000)
  eden space 2048K, 0% used [0x00000000eab00000,0x00000000eab00000,0x00000000ead00000)
  from space 1024K, 45% used [0x00000000ead00000,0x00000000ead74320,0x00000000eae00000)
  to   space 512K, 0% used [0x00000000eae00000,0x00000000eae00000,0x00000000eae80000)
 ParOldGen       total 442880K, used 442436K [0x00000000c0000000, 0x00000000db080000, 0x00000000eab00000)
  object space 442880K, 99% used [0x00000000c0000000,0x00000000db011360,0x00000000db080000)
 Metaspace       used 67730K, committed 69248K, reserved 1114112K
  class space    used 6559K, committed 7232K, reserved 1048576K
}
Event: 74.218 GC heap before
{Heap before GC invocations=815 (full 3):
 PSYoungGen      total 3072K, used 2512K [0x00000000eab00000, 0x00000000eae80000, 0x0000000100000000)
  eden space 2048K, 99% used [0x00000000eab00000,0x00000000eacffff0,0x00000000ead00000)
  from space 1024K, 45% used [0x00000000ead00000,0x00000000ead74320,0x00000000eae00000)
  to   space 512K, 0% used [0x00000000eae00000,0x00000000eae00000,0x00000000eae80000)
 ParOldGen       total 442880K, used 442436K [0x00000000c0000000, 0x00000000db080000, 0x00000000eab00000)
  object space 442880K, 99% used [0x00000000c0000000,0x00000000db011360,0x00000000db080000)
 Metaspace       used 67870K, committed 69440K, reserved 1114112K
  class space    used 6572K, committed 7232K, reserved 1048576K
}
Event: 74.223 GC heap after
{Heap after GC invocations=815 (full 3):
 PSYoungGen      total 2560K, used 312K [0x00000000eab00000, 0x00000000eae80000, 0x0000000100000000)
  eden space 2048K, 0% used [0x00000000eab00000,0x00000000eab00000,0x00000000ead00000)
  from space 512K, 61% used [0x00000000eae00000,0x00000000eae4e1a8,0x00000000eae80000)
  to   space 512K, 0% used [0x00000000ead80000,0x00000000ead80000,0x00000000eae00000)
 ParOldGen       total 442880K, used 442696K [0x00000000c0000000, 0x00000000db080000, 0x00000000eab00000)
  object space 442880K, 99% used [0x00000000c0000000,0x00000000db052090,0x00000000db080000)
 Metaspace       used 67870K, committed 69440K, reserved 1114112K
  class space    used 6572K, committed 7232K, reserved 1048576K
}
Event: 74.449 GC heap before
{Heap before GC invocations=816 (full 3):
 PSYoungGen      total 2560K, used 2360K [0x00000000eab00000, 0x00000000eae80000, 0x0000000100000000)
  eden space 2048K, 100% used [0x00000000eab00000,0x00000000ead00000,0x00000000ead00000)
  from space 512K, 61% used [0x00000000eae00000,0x00000000eae4e1a8,0x00000000eae80000)
  to   space 512K, 0% used [0x00000000ead80000,0x00000000ead80000,0x00000000eae00000)
 ParOldGen       total 442880K, used 442696K [0x00000000c0000000, 0x00000000db080000, 0x00000000eab00000)
  object space 442880K, 99% used [0x00000000c0000000,0x00000000db052090,0x00000000db080000)
 Metaspace       used 67967K, committed 69568K, reserved 1114112K
  class space    used 6583K, committed 7296K, reserved 1048576K
}
Event: 74.462 GC heap after
{Heap after GC invocations=816 (full 3):
 PSYoungGen      total 2560K, used 440K [0x00000000eab00000, 0x00000000eae80000, 0x0000000100000000)
  eden space 2048K, 0% used [0x00000000eab00000,0x00000000eab00000,0x00000000ead00000)
  from space 512K, 86% used [0x00000000ead80000,0x00000000eadee1f0,0x00000000eae00000)
  to   space 512K, 0% used [0x00000000eae00000,0x00000000eae00000,0x00000000eae80000)
 ParOldGen       total 443392K, used 442946K [0x00000000c0000000, 0x00000000db100000, 0x00000000eab00000)
  object space 443392K, 99% used [0x00000000c0000000,0x00000000db090a60,0x00000000db100000)
 Metaspace       used 67967K, committed 69568K, reserved 1114112K
  class space    used 6583K, committed 7296K, reserved 1048576K
}
Event: 74.715 GC heap before
{Heap before GC invocations=817 (full 3):
 PSYoungGen      total 2560K, used 2477K [0x00000000eab00000, 0x00000000eae80000, 0x0000000100000000)
  eden space 2048K, 99% used [0x00000000eab00000,0x00000000eacfd350,0x00000000ead00000)
  from space 512K, 86% used [0x00000000ead80000,0x00000000eadee1f0,0x00000000eae00000)
  to   space 512K, 0% used [0x00000000eae00000,0x00000000eae00000,0x00000000eae80000)
 ParOldGen       total 443392K, used 442946K [0x00000000c0000000, 0x00000000db100000, 0x00000000eab00000)
  object space 443392K, 99% used [0x00000000c0000000,0x00000000db090a60,0x00000000db100000)
 Metaspace       used 68078K, committed 69632K, reserved 1114112K
  class space    used 6592K, committed 7296K, reserved 1048576K
}
Event: 74.720 GC heap after
{Heap after GC invocations=817 (full 3):
 PSYoungGen      total 2560K, used 160K [0x00000000eab00000, 0x00000000eae80000, 0x0000000100000000)
  eden space 2048K, 0% used [0x00000000eab00000,0x00000000eab00000,0x00000000ead00000)
  from space 512K, 31% used [0x00000000eae00000,0x00000000eae28000,0x00000000eae80000)
  to   space 512K, 0% used [0x00000000ead80000,0x00000000ead80000,0x00000000eae00000)
 ParOldGen       total 443392K, used 443124K [0x00000000c0000000, 0x00000000db100000, 0x00000000eab00000)
  object space 443392K, 99% used [0x00000000c0000000,0x00000000db0bd160,0x00000000db100000)
 Metaspace       used 68078K, committed 69632K, reserved 1114112K
  class space    used 6592K, committed 7296K, reserved 1048576K
}
Event: 74.916 GC heap before
{Heap before GC invocations=818 (full 3):
 PSYoungGen      total 2560K, used 2208K [0x00000000eab00000, 0x00000000eae80000, 0x0000000100000000)
  eden space 2048K, 100% used [0x00000000eab00000,0x00000000ead00000,0x00000000ead00000)
  from space 512K, 31% used [0x00000000eae00000,0x00000000eae28000,0x00000000eae80000)
  to   space 512K, 0% used [0x00000000ead80000,0x00000000ead80000,0x00000000eae00000)
 ParOldGen       total 443392K, used 443124K [0x00000000c0000000, 0x00000000db100000, 0x00000000eab00000)
  object space 443392K, 99% used [0x00000000c0000000,0x00000000db0bd160,0x00000000db100000)
 Metaspace       used 68247K, committed 69824K, reserved 1114112K
  class space    used 6622K, committed 7296K, reserved 1048576K
}
Event: 74.923 GC heap after
{Heap after GC invocations=818 (full 3):
 PSYoungGen      total 2560K, used 384K [0x00000000eab00000, 0x00000000eae80000, 0x0000000100000000)
  eden space 2048K, 0% used [0x00000000eab00000,0x00000000eab00000,0x00000000ead00000)
  from space 512K, 75% used [0x00000000ead80000,0x00000000eade0020,0x00000000eae00000)
  to   space 512K, 0% used [0x00000000eae00000,0x00000000eae00000,0x00000000eae80000)
 ParOldGen       total 443392K, used 443212K [0x00000000c0000000, 0x00000000db100000, 0x00000000eab00000)
  object space 443392K, 99% used [0x00000000c0000000,0x00000000db0d3160,0x00000000db100000)
 Metaspace       used 68247K, committed 69824K, reserved 1114112K
  class space    used 6622K, committed 7296K, reserved 1048576K
}
Event: 75.081 GC heap before
{Heap before GC invocations=819 (full 3):
 PSYoungGen      total 2560K, used 2426K [0x00000000eab00000, 0x00000000eae80000, 0x0000000100000000)
  eden space 2048K, 99% used [0x00000000eab00000,0x00000000eacfebd0,0x00000000ead00000)
  from space 512K, 75% used [0x00000000ead80000,0x00000000eade0020,0x00000000eae00000)
  to   space 512K, 0% used [0x00000000eae00000,0x00000000eae00000,0x00000000eae80000)
 ParOldGen       total 443392K, used 443212K [0x00000000c0000000, 0x00000000db100000, 0x00000000eab00000)
  object space 443392K, 99% used [0x00000000c0000000,0x00000000db0d3160,0x00000000db100000)
 Metaspace       used 68300K, committed 69888K, reserved 1114112K
  class space    used 6631K, committed 7296K, reserved 1048576K
}
Event: 75.087 GC heap after
{Heap after GC invocations=819 (full 3):
 PSYoungGen      total 2560K, used 432K [0x00000000eab00000, 0x00000000eae80000, 0x0000000100000000)
  eden space 2048K, 0% used [0x00000000eab00000,0x00000000eab00000,0x00000000ead00000)
  from space 512K, 84% used [0x00000000eae00000,0x00000000eae6c020,0x00000000eae80000)
  to   space 512K, 0% used [0x00000000ead80000,0x00000000ead80000,0x00000000eae00000)
 ParOldGen       total 443904K, used 443524K [0x00000000c0000000, 0x00000000db180000, 0x00000000eab00000)
  object space 443904K, 99% used [0x00000000c0000000,0x00000000db121288,0x00000000db180000)
 Metaspace       used 68300K, committed 69888K, reserved 1114112K
  class space    used 6631K, committed 7296K, reserved 1048576K
}
Event: 75.386 GC heap before
{Heap before GC invocations=820 (full 3):
 PSYoungGen      total 2560K, used 2473K [0x00000000eab00000, 0x00000000eae80000, 0x0000000100000000)
  eden space 2048K, 99% used [0x00000000eab00000,0x00000000eacfe650,0x00000000ead00000)
  from space 512K, 84% used [0x00000000eae00000,0x00000000eae6c020,0x00000000eae80000)
  to   space 512K, 0% used [0x00000000ead80000,0x00000000ead80000,0x00000000eae00000)
 ParOldGen       total 443904K, used 443524K [0x00000000c0000000, 0x00000000db180000, 0x00000000eab00000)
  object space 443904K, 99% used [0x00000000c0000000,0x00000000db121288,0x00000000db180000)
 Metaspace       used 68364K, committed 70016K, reserved 1114112K
  class space    used 6652K, committed 7360K, reserved 1048576K
}
Event: 75.434 GC heap after
{Heap after GC invocations=820 (full 3):
 PSYoungGen      total 2560K, used 352K [0x00000000eab00000, 0x00000000eae80000, 0x0000000100000000)
  eden space 2048K, 0% used [0x00000000eab00000,0x00000000eab00000,0x00000000ead00000)
  from space 512K, 68% used [0x00000000ead80000,0x00000000eadd8030,0x00000000eae00000)
  to   space 512K, 0% used [0x00000000eae00000,0x00000000eae00000,0x00000000eae80000)
 ParOldGen       total 443904K, used 443757K [0x00000000c0000000, 0x00000000db180000, 0x00000000eab00000)
  object space 443904K, 99% used [0x00000000c0000000,0x00000000db15b6d8,0x00000000db180000)
 Metaspace       used 68364K, committed 70016K, reserved 1114112K
  class space    used 6652K, committed 7360K, reserved 1048576K
}
Event: 75.947 GC heap before
{Heap before GC invocations=821 (full 3):
 PSYoungGen      total 2560K, used 2400K [0x00000000eab00000, 0x00000000eae80000, 0x0000000100000000)
  eden space 2048K, 100% used [0x00000000eab00000,0x00000000ead00000,0x00000000ead00000)
  from space 512K, 68% used [0x00000000ead80000,0x00000000eadd8030,0x00000000eae00000)
  to   space 512K, 0% used [0x00000000eae00000,0x00000000eae00000,0x00000000eae80000)
 ParOldGen       total 443904K, used 443757K [0x00000000c0000000, 0x00000000db180000, 0x00000000eab00000)
  object space 443904K, 99% used [0x00000000c0000000,0x00000000db15b6d8,0x00000000db180000)
 Metaspace       used 68512K, committed 70144K, reserved 1114112K
  class space    used 6657K, committed 7360K, reserved 1048576K
}
Event: 75.950 GC heap after
{Heap after GC invocations=821 (full 3):
 PSYoungGen      total 2560K, used 160K [0x00000000eab00000, 0x00000000eae80000, 0x0000000100000000)
  eden space 2048K, 0% used [0x00000000eab00000,0x00000000eab00000,0x00000000ead00000)
  from space 512K, 31% used [0x00000000eae00000,0x00000000eae28000,0x00000000eae80000)
  to   space 512K, 0% used [0x00000000ead80000,0x00000000ead80000,0x00000000eae00000)
 ParOldGen       total 444416K, used 443986K [0x00000000c0000000, 0x00000000db200000, 0x00000000eab00000)
  object space 444416K, 99% used [0x00000000c0000000,0x00000000db194a48,0x00000000db200000)
 Metaspace       used 68512K, committed 70144K, reserved 1114112K
  class space    used 6657K, committed 7360K, reserved 1048576K
}

