# JRE version: OpenJDK Runtime Environment Temurin-21.0.6+7 (21.0.6+7) (build 21.0.6+7-LTS)
# Java VM: OpenJDK 64-Bit Server VM Temurin-21.0.6+7 (21.0.6+7-LTS, mixed mode, sharing, tiered, compressed oops, compressed class ptrs, parallel gc, windows-amd64)
GC Precious Log:
 CardTable entry size: 512
 CPUs: 4 total, 4 available
 Memory: 3975M
 Large Page Support: Disabled
 NUMA Support: Disabled
 Compressed Oops: Enabled (32-bit)
 Alignments: Space 512K, Generation 512K, Heap 2M
 Heap Min Capacity: 100M
 Heap Initial Capacity: 100M
 Heap Max Capacity: 1G
 Pre-touch: Disabled
 Parallel Workers: 4
Heap:
 PSYoungGen      total 2560K, used 1587K [0x00000000eab00000, 0x00000000eae80000, 0x0000000100000000)
  eden space 2048K, 59% used [0x00000000eab00000,0x00000000eac2e728,0x00000000ead00000)
  from space 512K, 73% used [0x00000000ead80000,0x00000000eadde580,0x00000000eae00000)
  to   space 512K, 0% used [0x00000000eae00000,0x00000000eae00000,0x00000000eae80000)
 ParOldGen       total 276480K, used 276020K [0x00000000c0000000, 0x00000000d0e00000, 0x00000000eab00000)
  object space 276480K, 99% used [0x00000000c0000000,0x00000000d0d8d2b8,0x00000000d0e00000)
 Metaspace       used 62429K, committed 63872K, reserved 1114112K
  class space    used 6102K, committed 6784K, reserved 1048576K
GC Heap History (20 events):
Event: 125.005 GC heap before
{Heap before GC invocations=316 (full 3):
 PSYoungGen      total 2560K, used 2516K [0x00000000eab00000, 0x00000000eae80000, 0x0000000100000000)
  eden space 2048K, 99% used [0x00000000eab00000,0x00000000eacfe220,0x00000000ead00000)
  from space 512K, 92% used [0x00000000eae00000,0x00000000eae76f50,0x00000000eae80000)
  to   space 512K, 0% used [0x00000000ead80000,0x00000000ead80000,0x00000000eae00000)
 ParOldGen       total 273408K, used 273332K [0x00000000c0000000, 0x00000000d0b00000, 0x00000000eab00000)
  object space 273408K, 99% used [0x00000000c0000000,0x00000000d0aed358,0x00000000d0b00000)
 Metaspace       used 62071K, committed 63488K, reserved 1114112K
  class space    used 6061K, committed 6720K, reserved 1048576K
}
Event: 125.012 GC heap after
{Heap after GC invocations=316 (full 3):
 PSYoungGen      total 2560K, used 448K [0x00000000eab00000, 0x00000000eae80000, 0x0000000100000000)
  eden space 2048K, 0% used [0x00000000eab00000,0x00000000eab00000,0x00000000ead00000)
  from space 512K, 87% used [0x00000000ead80000,0x00000000eadf0000,0x00000000eae00000)
  to   space 512K, 0% used [0x00000000eae00000,0x00000000eae00000,0x00000000eae80000)
 ParOldGen       total 273920K, used 273766K [0x00000000c0000000, 0x00000000d0b80000, 0x00000000eab00000)
  object space 273920K, 99% used [0x00000000c0000000,0x00000000d0b59870,0x00000000d0b80000)
 Metaspace       used 62071K, committed 63488K, reserved 1114112K
  class space    used 6061K, committed 6720K, reserved 1048576K
}
Event: 125.974 GC heap before
{Heap before GC invocations=317 (full 3):
 PSYoungGen      total 2560K, used 2461K [0x00000000eab00000, 0x00000000eae80000, 0x0000000100000000)
  eden space 2048K, 98% used [0x00000000eab00000,0x00000000eacf7430,0x00000000ead00000)
  from space 512K, 87% used [0x00000000ead80000,0x00000000eadf0000,0x00000000eae00000)
  to   space 512K, 0% used [0x00000000eae00000,0x00000000eae00000,0x00000000eae80000)
 ParOldGen       total 273920K, used 273766K [0x00000000c0000000, 0x00000000d0b80000, 0x00000000eab00000)
  object space 273920K, 99% used [0x00000000c0000000,0x00000000d0b59870,0x00000000d0b80000)
 Metaspace       used 62122K, committed 63616K, reserved 1114112K
  class space    used 6069K, committed 6784K, reserved 1048576K
}
Event: 126.109 GC heap after
{Heap after GC invocations=317 (full 3):
 PSYoungGen      total 2560K, used 305K [0x00000000eab00000, 0x00000000eae80000, 0x0000000100000000)
  eden space 2048K, 0% used [0x00000000eab00000,0x00000000eab00000,0x00000000ead00000)
  from space 512K, 59% used [0x00000000eae00000,0x00000000eae4c608,0x00000000eae80000)
  to   space 512K, 0% used [0x00000000ead80000,0x00000000ead80000,0x00000000eae00000)
 ParOldGen       total 274432K, used 274131K [0x00000000c0000000, 0x00000000d0c00000, 0x00000000eab00000)
  object space 274432K, 99% used [0x00000000c0000000,0x00000000d0bb4c00,0x00000000d0c00000)
 Metaspace       used 62122K, committed 63616K, reserved 1114112K
  class space    used 6069K, committed 6784K, reserved 1048576K
}
Event: 127.074 GC heap before
{Heap before GC invocations=318 (full 3):
 PSYoungGen      total 2560K, used 2353K [0x00000000eab00000, 0x00000000eae80000, 0x0000000100000000)
  eden space 2048K, 100% used [0x00000000eab00000,0x00000000ead00000,0x00000000ead00000)
  from space 512K, 59% used [0x00000000eae00000,0x00000000eae4c608,0x00000000eae80000)
  to   space 512K, 0% used [0x00000000ead80000,0x00000000ead80000,0x00000000eae00000)
 ParOldGen       total 274432K, used 274131K [0x00000000c0000000, 0x00000000d0c00000, 0x00000000eab00000)
  object space 274432K, 99% used [0x00000000c0000000,0x00000000d0bb4c00,0x00000000d0c00000)
 Metaspace       used 62204K, committed 63744K, reserved 1114112K
  class space    used 6077K, committed 6784K, reserved 1048576K
}
Event: 127.080 GC heap after
{Heap after GC invocations=318 (full 3):
 PSYoungGen      total 2560K, used 160K [0x00000000eab00000, 0x00000000eae80000, 0x0000000100000000)
  eden space 2048K, 0% used [0x00000000eab00000,0x00000000eab00000,0x00000000ead00000)
  from space 512K, 31% used [0x00000000ead80000,0x00000000eada8000,0x00000000eae00000)
  to   space 512K, 0% used [0x00000000eae00000,0x00000000eae00000,0x00000000eae80000)
 ParOldGen       total 274432K, used 274394K [0x00000000c0000000, 0x00000000d0c00000, 0x00000000eab00000)
  object space 274432K, 99% used [0x00000000c0000000,0x00000000d0bf68a8,0x00000000d0c00000)
 Metaspace       used 62204K, committed 63744K, reserved 1114112K
  class space    used 6077K, committed 6784K, reserved 1048576K
}
Event: 132.957 GC heap before
{Heap before GC invocations=319 (full 3):
 PSYoungGen      total 2560K, used 2208K [0x00000000eab00000, 0x00000000eae80000, 0x0000000100000000)
  eden space 2048K, 100% used [0x00000000eab00000,0x00000000ead00000,0x00000000ead00000)
  from space 512K, 31% used [0x00000000ead80000,0x00000000eada8000,0x00000000eae00000)
  to   space 512K, 0% used [0x00000000eae00000,0x00000000eae00000,0x00000000eae80000)
 ParOldGen       total 274432K, used 274394K [0x00000000c0000000, 0x00000000d0c00000, 0x00000000eab00000)
  object space 274432K, 99% used [0x00000000c0000000,0x00000000d0bf68a8,0x00000000d0c00000)
 Metaspace       used 62240K, committed 63744K, reserved 1114112K
  class space    used 6083K, committed 6784K, reserved 1048576K
}
Event: 133.067 GC heap after
{Heap after GC invocations=319 (full 3):
 PSYoungGen      total 2560K, used 128K [0x00000000eab00000, 0x00000000eae80000, 0x0000000100000000)
  eden space 2048K, 0% used [0x00000000eab00000,0x00000000eab00000,0x00000000ead00000)
  from space 512K, 25% used [0x00000000eae00000,0x00000000eae20000,0x00000000eae80000)
  to   space 512K, 0% used [0x00000000ead80000,0x00000000ead80000,0x00000000eae00000)
 ParOldGen       total 274944K, used 274498K [0x00000000c0000000, 0x00000000d0c80000, 0x00000000eab00000)
  object space 274944K, 99% used [0x00000000c0000000,0x00000000d0c108c8,0x00000000d0c80000)
 Metaspace       used 62240K, committed 63744K, reserved 1114112K
  class space    used 6083K, committed 6784K, reserved 1048576K
}
Event: 133.808 GC heap before
{Heap before GC invocations=320 (full 3):
 PSYoungGen      total 2560K, used 2176K [0x00000000eab00000, 0x00000000eae80000, 0x0000000100000000)
  eden space 2048K, 100% used [0x00000000eab00000,0x00000000ead00000,0x00000000ead00000)
  from space 512K, 25% used [0x00000000eae00000,0x00000000eae20000,0x00000000eae80000)
  to   space 512K, 0% used [0x00000000ead80000,0x00000000ead80000,0x00000000eae00000)
 ParOldGen       total 274944K, used 274498K [0x00000000c0000000, 0x00000000d0c80000, 0x00000000eab00000)
  object space 274944K, 99% used [0x00000000c0000000,0x00000000d0c108c8,0x00000000d0c80000)
 Metaspace       used 62273K, committed 63744K, reserved 1114112K
  class space    used 6089K, committed 6784K, reserved 1048576K
}
Event: 133.812 GC heap after
{Heap after GC invocations=320 (full 3):
 PSYoungGen      total 2560K, used 240K [0x00000000eab00000, 0x00000000eae80000, 0x0000000100000000)
  eden space 2048K, 0% used [0x00000000eab00000,0x00000000eab00000,0x00000000ead00000)
  from space 512K, 46% used [0x00000000ead80000,0x00000000eadbc010,0x00000000eae00000)
  to   space 512K, 0% used [0x00000000eae00000,0x00000000eae00000,0x00000000eae80000)
 ParOldGen       total 274944K, used 274578K [0x00000000c0000000, 0x00000000d0c80000, 0x00000000eab00000)
  object space 274944K, 99% used [0x00000000c0000000,0x00000000d0c248c8,0x00000000d0c80000)
 Metaspace       used 62273K, committed 63744K, reserved 1114112K
  class space    used 6089K, committed 6784K, reserved 1048576K
}
Event: 134.048 GC heap before
{Heap before GC invocations=321 (full 3):
 PSYoungGen      total 2560K, used 2288K [0x00000000eab00000, 0x00000000eae80000, 0x0000000100000000)
  eden space 2048K, 100% used [0x00000000eab00000,0x00000000ead00000,0x00000000ead00000)
  from space 512K, 46% used [0x00000000ead80000,0x00000000eadbc010,0x00000000eae00000)
  to   space 512K, 0% used [0x00000000eae00000,0x00000000eae00000,0x00000000eae80000)
 ParOldGen       total 274944K, used 274578K [0x00000000c0000000, 0x00000000d0c80000, 0x00000000eab00000)
  object space 274944K, 99% used [0x00000000c0000000,0x00000000d0c248c8,0x00000000d0c80000)
 Metaspace       used 62292K, committed 63808K, reserved 1114112K
  class space    used 6092K, committed 6784K, reserved 1048576K
}
Event: 134.052 GC heap after
{Heap after GC invocations=321 (full 3):
 PSYoungGen      total 2560K, used 160K [0x00000000eab00000, 0x00000000eae80000, 0x0000000100000000)
  eden space 2048K, 0% used [0x00000000eab00000,0x00000000eab00000,0x00000000ead00000)
  from space 512K, 31% used [0x00000000eae00000,0x00000000eae28000,0x00000000eae80000)
  to   space 512K, 0% used [0x00000000ead80000,0x00000000ead80000,0x00000000eae00000)
 ParOldGen       total 274944K, used 274769K [0x00000000c0000000, 0x00000000d0c80000, 0x00000000eab00000)
  object space 274944K, 99% used [0x00000000c0000000,0x00000000d0c544e8,0x00000000d0c80000)
 Metaspace       used 62292K, committed 63808K, reserved 1114112K
  class space    used 6092K, committed 6784K, reserved 1048576K
}
Event: 134.223 GC heap before
{Heap before GC invocations=322 (full 3):
 PSYoungGen      total 2560K, used 2208K [0x00000000eab00000, 0x00000000eae80000, 0x0000000100000000)
  eden space 2048K, 100% used [0x00000000eab00000,0x00000000ead00000,0x00000000ead00000)
  from space 512K, 31% used [0x00000000eae00000,0x00000000eae28000,0x00000000eae80000)
  to   space 512K, 0% used [0x00000000ead80000,0x00000000ead80000,0x00000000eae00000)
 ParOldGen       total 274944K, used 274769K [0x00000000c0000000, 0x00000000d0c80000, 0x00000000eab00000)
  object space 274944K, 99% used [0x00000000c0000000,0x00000000d0c544e8,0x00000000d0c80000)
 Metaspace       used 62335K, committed 63808K, reserved 1114112K
  class space    used 6098K, committed 6784K, reserved 1048576K
}
Event: 134.226 GC heap after
{Heap after GC invocations=322 (full 3):
 PSYoungGen      total 2560K, used 192K [0x00000000eab00000, 0x00000000eae80000, 0x0000000100000000)
  eden space 2048K, 0% used [0x00000000eab00000,0x00000000eab00000,0x00000000ead00000)
  from space 512K, 37% used [0x00000000ead80000,0x00000000eadb0000,0x00000000eae00000)
  to   space 512K, 0% used [0x00000000eae00000,0x00000000eae00000,0x00000000eae80000)
 ParOldGen       total 274944K, used 274905K [0x00000000c0000000, 0x00000000d0c80000, 0x00000000eab00000)
  object space 274944K, 99% used [0x00000000c0000000,0x00000000d0c76508,0x00000000d0c80000)
 Metaspace       used 62335K, committed 63808K, reserved 1114112K
  class space    used 6098K, committed 6784K, reserved 1048576K
}
Event: 134.325 GC heap before
{Heap before GC invocations=323 (full 3):
 PSYoungGen      total 2560K, used 2240K [0x00000000eab00000, 0x00000000eae80000, 0x0000000100000000)
  eden space 2048K, 100% used [0x00000000eab00000,0x00000000ead00000,0x00000000ead00000)
  from space 512K, 37% used [0x00000000ead80000,0x00000000eadb0000,0x00000000eae00000)
  to   space 512K, 0% used [0x00000000eae00000,0x00000000eae00000,0x00000000eae80000)
 ParOldGen       total 274944K, used 274905K [0x00000000c0000000, 0x00000000d0c80000, 0x00000000eab00000)
  object space 274944K, 99% used [0x00000000c0000000,0x00000000d0c76508,0x00000000d0c80000)
 Metaspace       used 62346K, committed 63808K, reserved 1114112K
  class space    used 6099K, committed 6784K, reserved 1048576K
}
Event: 134.330 GC heap after
{Heap after GC invocations=323 (full 3):
 PSYoungGen      total 2560K, used 224K [0x00000000eab00000, 0x00000000eae80000, 0x0000000100000000)
  eden space 2048K, 0% used [0x00000000eab00000,0x00000000eab00000,0x00000000ead00000)
  from space 512K, 43% used [0x00000000eae00000,0x00000000eae38000,0x00000000eae80000)
  to   space 512K, 0% used [0x00000000ead80000,0x00000000ead80000,0x00000000eae00000)
 ParOldGen       total 275456K, used 275029K [0x00000000c0000000, 0x00000000d0d00000, 0x00000000eab00000)
  object space 275456K, 99% used [0x00000000c0000000,0x00000000d0c95518,0x00000000d0d00000)
 Metaspace       used 62346K, committed 63808K, reserved 1114112K
  class space    used 6099K, committed 6784K, reserved 1048576K
}
Event: 135.108 GC heap before
{Heap before GC invocations=324 (full 3):
 PSYoungGen      total 2560K, used 2272K [0x00000000eab00000, 0x00000000eae80000, 0x0000000100000000)
  eden space 2048K, 100% used [0x00000000eab00000,0x00000000ead00000,0x00000000ead00000)
  from space 512K, 43% used [0x00000000eae00000,0x00000000eae38000,0x00000000eae80000)
  to   space 512K, 0% used [0x00000000ead80000,0x00000000ead80000,0x00000000eae00000)
 ParOldGen       total 275456K, used 275029K [0x00000000c0000000, 0x00000000d0d00000, 0x00000000eab00000)
  object space 275456K, 99% used [0x00000000c0000000,0x00000000d0c95518,0x00000000d0d00000)
 Metaspace       used 62358K, committed 63808K, reserved 1114112K
  class space    used 6100K, committed 6784K, reserved 1048576K
}
Event: 135.112 GC heap after
{Heap after GC invocations=324 (full 3):
 PSYoungGen      total 2560K, used 480K [0x00000000eab00000, 0x00000000eaf00000, 0x0000000100000000)
  eden space 2048K, 0% used [0x00000000eab00000,0x00000000eab00000,0x00000000ead00000)
  from space 512K, 93% used [0x00000000ead80000,0x00000000eadf8000,0x00000000eae00000)
  to   space 1024K, 0% used [0x00000000eae00000,0x00000000eae00000,0x00000000eaf00000)
 ParOldGen       total 275456K, used 275157K [0x00000000c0000000, 0x00000000d0d00000, 0x00000000eab00000)
  object space 275456K, 99% used [0x00000000c0000000,0x00000000d0cb5538,0x00000000d0d00000)
 Metaspace       used 62358K, committed 63808K, reserved 1114112K
  class space    used 6100K, committed 6784K, reserved 1048576K
}
Event: 135.408 GC heap before
{Heap before GC invocations=325 (full 3):
 PSYoungGen      total 2560K, used 2528K [0x00000000eab00000, 0x00000000eaf00000, 0x0000000100000000)
  eden space 2048K, 100% used [0x00000000eab00000,0x00000000ead00000,0x00000000ead00000)
  from space 512K, 93% used [0x00000000ead80000,0x00000000eadf8000,0x00000000eae00000)
  to   space 1024K, 0% used [0x00000000eae00000,0x00000000eae00000,0x00000000eaf00000)
 ParOldGen       total 275456K, used 275157K [0x00000000c0000000, 0x00000000d0d00000, 0x00000000eab00000)
  object space 275456K, 99% used [0x00000000c0000000,0x00000000d0cb5538,0x00000000d0d00000)
 Metaspace       used 62390K, committed 63872K, reserved 1114112K
  class space    used 6100K, committed 6784K, reserved 1048576K
}
Event: 135.412 GC heap after
{Heap after GC invocations=325 (full 3):
 PSYoungGen      total 2560K, used 483K [0x00000000eab00000, 0x00000000eae80000, 0x0000000100000000)
  eden space 2048K, 0% used [0x00000000eab00000,0x00000000eab00000,0x00000000ead00000)
  from space 512K, 94% used [0x00000000eae00000,0x00000000eae78e58,0x00000000eae80000)
  to   space 512K, 0% used [0x00000000ead80000,0x00000000ead80000,0x00000000eae00000)
 ParOldGen       total 275968K, used 275577K [0x00000000c0000000, 0x00000000d0d80000, 0x00000000eab00000)
  object space 275968K, 99% used [0x00000000c0000000,0x00000000d0d1e460,0x00000000d0d80000)
 Metaspace       used 62390K, committed 63872K, reserved 1114112K
  class space    used 6100K, committed 6784K, reserved 1048576K
}

